<?xml version="1.0" encoding="UTF-8"?>
<!-- Generated by org.testng.reporters.JUnitXMLReporter -->
<testsuite hostname="DESKTOP-9B0D5EP" ignored="0" name="Default test" tests="4" failures="0" timestamp="2020-09-27T21:08:57 EDT" time="42.795" errors="0">
  <testcase name="signUpWithvalidemailandInvalidPassword" time="2.465" classname="com.zoho.landingpage.signupTest"/>
  <testcase name="signUpWithInvalidEmailAndValidPassword" time="3.046" classname="com.zoho.landingpage.signupTest"/>
  <testcase name="signUpWithInvalidEmailandInvalidPassword" time="2.571" classname="com.zoho.landingpage.signupTest"/>
  <testcase name="signUpWithOutSelectingTermsAndConditionsCheckboc" time="2.85" classname="com.zoho.landingpage.signupTest"/>
</testsuite> <!-- Default test -->
