<?xml version="1.0" encoding="UTF-8"?>
<!-- Generated by org.testng.reporters.JUnitXMLReporter -->
<testsuite hostname="DESKTOP-9B0D5EP" ignored="0" name="Test" tests="4" failures="0" timestamp="2020-09-27T20:31:10 EDT" time="43.949" errors="0">
  <testcase name="signUpWithvalidemailandInvalidPassword" time="2.596" classname="com.zoho.landingpage.signupTest"/>
  <testcase name="signUpWithInvalidEmailAndValidPassword" time="2.626" classname="com.zoho.landingpage.signupTest"/>
  <testcase name="signUpWithInvalidEmailandInvalidPassword" time="2.993" classname="com.zoho.landingpage.signupTest"/>
  <testcase name="signUpWithOutSelectingTermsAndConditionsCheckboc" time="2.48" classname="com.zoho.landingpage.signupTest"/>
</testsuite> <!-- Test -->
